0 info it worked if it ends with ok
1 verbose cli [ 'C:\\Program Files (x86)\\nodejs\\\\node.exe',
1 verbose cli   'C:\\Program Files (x86)\\nodejs\\node_modules\\npm\\bin\\npm-cli.js',
1 verbose cli   'start' ]
2 info using npm@1.4.28
3 info using node@v0.10.32
4 verbose node symlink C:\Program Files (x86)\nodejs\\node.exe
5 verbose run-script [ 'prestart', 'start', 'poststart' ]
6 info prestart P2PData@0.0.0-4
7 info start P2PData@0.0.0-4
8 verbose unsafe-perm in lifecycle true
9 info P2PData@0.0.0-4 Failed to exec start script
10 error P2PData@0.0.0-4 start: `http-server -i="index_dev.html" -a localhost -p 8000 -c-1`
10 error Exit status 8
11 error Failed at the P2PData@0.0.0-4 start script.
11 error This is most likely a problem with the P2PData package,
11 error not with npm itself.
11 error Tell the author that this fails on your system:
11 error     http-server -i="index_dev.html" -a localhost -p 8000 -c-1
11 error You can get their info via:
11 error     npm owner ls P2PData
11 error There is likely additional logging output above.
12 error System Windows_NT 6.2.9200
13 error command "C:\\Program Files (x86)\\nodejs\\\\node.exe" "C:\\Program Files (x86)\\nodejs\\node_modules\\npm\\bin\\npm-cli.js" "start"
14 error cwd C:\web\htdocs\reep.io
15 error node -v v0.10.32
16 error npm -v 1.4.28
17 error code ELIFECYCLE
18 verbose exit [ 1, true ]
